<?xml version="1.0" encoding="UTF-8"?>
<!-- Generated by org.testng.reporters.JUnitReportReporter -->
<testsuite hostname="NICDM024" failures="0" tests="1" name="tests.Assignment7" time="0.010" errors="0" timestamp="2023-12-25T12:54:46 IST" skipped="0">
  <testcase classname="tests.Assignment7" name="assignment6" time="0.010"/>
  <system-out/>
</testsuite> <!-- tests.Assignment7 -->
