<?xml version="1.0" encoding="UTF-8"?>
<!-- Generated by org.testng.reporters.JUnitReportReporter -->
<testsuite hostname="NICDM024" failures="0" tests="1" name="tests.Assignment8" time="18.416" errors="0" timestamp="2024-01-10T15:58:47 IST" skipped="0">
  <testcase classname="tests.Assignment8" name="assignment8" time="18.416"/>
  <system-out/>
</testsuite> <!-- tests.Assignment8 -->
