<?xml version="1.0" encoding="UTF-8"?>
<!-- Generated by org.testng.reporters.JUnitReportReporter -->
<testsuite hostname="NICDM024" failures="0" tests="1" name="tests.Assignment2" time="0.011" errors="0" timestamp="2024-01-05T11:35:59 IST" skipped="0">
  <testcase classname="tests.Assignment2" name="assignment" time="0.011"/>
  <system-out/>
</testsuite> <!-- tests.Assignment2 -->
