<?xml version="1.0" encoding="UTF-8"?>
<!-- Generated by org.testng.reporters.JUnitReportReporter -->
<testsuite hostname="NICDM024" failures="0" tests="1" name="tests.Assignment5" time="9.019" errors="0" timestamp="2023-12-05T16:39:28 IST" skipped="0">
  <testcase classname="tests.Assignment5" name="assignment" time="9.019"/>
  <system-out/>
</testsuite> <!-- tests.Assignment5 -->
