<?xml version="1.0" encoding="UTF-8"?>
<!-- Generated by org.testng.reporters.JUnitReportReporter -->
<testsuite hostname="NICDM024" failures="0" tests="1" name="tests.Assignment5A" time="8.659" errors="0" timestamp="2023-12-05T17:32:20 IST" skipped="0">
  <testcase classname="tests.Assignment5A" name="iframes" time="8.659"/>
  <system-out/>
</testsuite> <!-- tests.Assignment5A -->
