<?xml version="1.0" encoding="UTF-8"?>
<!-- Generated by org.testng.reporters.JUnitReportReporter -->
<testsuite hostname="NICDM024" failures="0" tests="1" name="uiFoundation.SampleSeleniumTest" time="10.698" errors="0" timestamp="30 Nov 2023 11:24:49 GMT" skipped="0">
  <testcase classname="uiFoundation.SampleSeleniumTest" name="sampleTest" time="10.698"/>
</testsuite> <!-- uiFoundation.SampleSeleniumTest -->
