<?xml version="1.0" encoding="UTF-8"?>
<!-- Generated by org.testng.reporters.JUnitReportReporter -->
<testsuite hostname="NICDM024" failures="0" tests="1" name="tests.Screenshot" time="14.086" errors="0" timestamp="2023-12-15T12:50:18 IST" skipped="0">
  <testcase classname="tests.Screenshot" name="screenshot" time="14.086"/>
  <system-out/>
</testsuite> <!-- tests.Screenshot -->
