<?xml version="1.0" encoding="UTF-8"?>
<!-- Generated by org.testng.reporters.JUnitReportReporter -->
<testsuite hostname="NICDM024" failures="0" tests="1" name="tests.ExtentReportExample" time="17.853" errors="0" timestamp="2024-02-17T19:56:52 IST" skipped="0">
  <testcase classname="tests.ExtentReportExample" name="reportExample" time="17.853"/>
  <system-out/>
</testsuite> <!-- tests.ExtentReportExample -->
