<?xml version="1.0" encoding="UTF-8"?>
<!-- Generated by org.testng.reporters.JUnitReportReporter -->
<testsuite hostname="NICDM024" failures="0" tests="1" name="tests.Assignment6" time="11.695" errors="0" timestamp="2023-12-08T10:58:18 IST" skipped="0">
  <testcase classname="tests.Assignment6" name="assignment6" time="11.695"/>
  <system-out/>
</testsuite> <!-- tests.Assignment6 -->
